<?xml version="1.0" encoding="UTF-8"?>
<!-- Generated by org.testng.reporters.JUnitXMLReporter -->
<testsuite hostname="Riaz" ignored="0" name="RegressionTesting" tests="4" failures="0" timestamp="2025-01-05T00:37:13 EST" time="65.092" errors="0">
  <testcase name="f" time="0.371" classname="Capstone.AutomationPractice11.Points"/>
  <testcase name="f" time="0.493" classname="Capstone.AutomationPractice11.Points"/>
  <testcase name="f" time="0.366" classname="Capstone.AutomationPractice11.Points"/>
  <testcase name="f" time="0.036" classname="Capstone.AutomationPractice11.Property"/>
</testsuite> <!-- RegressionTesting -->
