<?xml version="1.0" encoding="UTF-8"?>
<!-- Generated by org.testng.reporters.JUnitXMLReporter -->
<testsuite hostname="Riaz" ignored="0" name="RegressionTestingEdge" tests="4" failures="0" timestamp="2025-01-05T00:37:18 EST" time="70.52" errors="0">
  <testcase name="f" time="0.388" classname="Capstone.AutomationPractice11.Points"/>
  <testcase name="f" time="0.492" classname="Capstone.AutomationPractice11.Points"/>
  <testcase name="f" time="0.399" classname="Capstone.AutomationPractice11.Points"/>
  <testcase name="f" time="0.039" classname="Capstone.AutomationPractice11.Property"/>
</testsuite> <!-- RegressionTestingEdge -->
